<?xml version="1.0" encoding="UTF-8"?>
<testsuites tests="20" failures="0" disabled="0" errors="0" time="2.732" name="AllTests">
  <testsuite name="timer" tests="2" failures="0" disabled="0" errors="0" time="0.623">
    <testcase name="timer" status="run" time="0.601" classname="timer" />
    <testcase name="tdqueue" status="run" time="0.021" classname="timer" />
  </testsuite>
  <testsuite name="sectionReadWriter" tests="1" failures="0" disabled="0" errors="0" time="0.005">
    <testcase name="readwrite" status="run" time="0.005" classname="sectionReadWriter" />
  </testsuite>
  <testsuite name="role" tests="1" failures="0" disabled="0" errors="0" time="0.005">
    <testcase name="manager" status="run" time="0.005" classname="role" />
  </testsuite>
  <testsuite name="regmgr" tests="4" failures="0" disabled="0" errors="0" time="0.129">
    <testcase name="rgmh_tb" status="run" time="0.001" classname="regmgr" />
    <testcase name="registe" status="run" time="0.111" classname="regmgr" />
    <testcase name="reregiste" status="run" time="0.016" classname="regmgr" />
    <testcase name="counter" status="run" time="0" classname="regmgr" />
  </testsuite>
  <testsuite name="msgqueueex" tests="2" failures="0" disabled="0" errors="0" time="0.161">
    <testcase name="normal" status="run" time="0.018" classname="msgqueueex" />
    <testcase name="timeout" status="run" time="0.143" classname="msgqueueex" />
  </testsuite>
  <testsuite name="load_balance" tests="2" failures="0" disabled="0" errors="0" time="0.02">
    <testcase name="ip_hash" status="run" time="0.013" classname="load_balance" />
    <testcase name="round_robin" status="run" time="0.007" classname="load_balance" />
  </testsuite>
  <testsuite name="ht" tests="1" failures="0" disabled="0" errors="0" time="0.25">
    <testcase name="handlertable" status="run" time="0.25" classname="ht" />
  </testsuite>
  <testsuite name="config" tests="2" failures="0" disabled="0" errors="0" time="0.002">
    <testcase name="app" status="run" time="0.001" classname="config" />
    <testcase name="kmq" status="run" time="0.001" classname="config" />
  </testsuite>
  <testsuite name="api" tests="5" failures="0" disabled="0" errors="0" time="1.537">
    <testcase name="appcontext" status="run" time="0.038" classname="api" />
    <testcase name="mux" status="run" time="0.938" classname="api" />
    <testcase name="mix" status="run" time="0.22" classname="api" />
    <testcase name="compat" status="run" time="0.262" classname="api" />
    <testcase name="raw" status="run" time="0.079" classname="api" />
  </testsuite>
</testsuites>
