<?xml version="1.0" encoding="UTF-8"?>
<testsuites tests="20" failures="0" disabled="0" errors="0" time="4.094" name="AllTests">
  <testsuite name="timer" tests="2" failures="0" disabled="0" errors="0" time="0.623">
    <testcase name="timer" status="run" time="0.601" classname="timer" />
    <testcase name="tdqueue" status="run" time="0.021" classname="timer" />
  </testsuite>
  <testsuite name="sectionReadWriter" tests="1" failures="0" disabled="0" errors="0" time="0.015">
    <testcase name="readwrite" status="run" time="0.015" classname="sectionReadWriter" />
  </testsuite>
  <testsuite name="role" tests="1" failures="0" disabled="0" errors="0" time="0.004">
    <testcase name="manager" status="run" time="0.004" classname="role" />
  </testsuite>
  <testsuite name="regmgr" tests="4" failures="0" disabled="0" errors="0" time="0.142">
    <testcase name="rgmh_tb" status="run" time="0" classname="regmgr" />
    <testcase name="registe" status="run" time="0.126" classname="regmgr" />
    <testcase name="reregiste" status="run" time="0.016" classname="regmgr" />
    <testcase name="counter" status="run" time="0" classname="regmgr" />
  </testsuite>
  <testsuite name="msgqueueex" tests="2" failures="0" disabled="0" errors="0" time="0.126">
    <testcase name="normal" status="run" time="0.025" classname="msgqueueex" />
    <testcase name="timeout" status="run" time="0.101" classname="msgqueueex" />
  </testsuite>
  <testsuite name="load_balance" tests="2" failures="0" disabled="0" errors="0" time="0.024">
    <testcase name="ip_hash" status="run" time="0.017" classname="load_balance" />
    <testcase name="round_robin" status="run" time="0.007" classname="load_balance" />
  </testsuite>
  <testsuite name="ht" tests="1" failures="0" disabled="0" errors="0" time="0.251">
    <testcase name="handlertable" status="run" time="0.251" classname="ht" />
  </testsuite>
  <testsuite name="config" tests="2" failures="0" disabled="0" errors="0" time="0.002">
    <testcase name="app" status="run" time="0.001" classname="config" />
    <testcase name="kmq" status="run" time="0.001" classname="config" />
  </testsuite>
  <testsuite name="api" tests="5" failures="0" disabled="0" errors="0" time="2.907">
    <testcase name="appcontext" status="run" time="1.036" classname="api" />
    <testcase name="mux" status="run" time="1.298" classname="api" />
    <testcase name="mix" status="run" time="0.22" classname="api" />
    <testcase name="compat" status="run" time="0.28" classname="api" />
    <testcase name="raw" status="run" time="0.073" classname="api" />
  </testsuite>
</testsuites>
