<?xml version="1.0" encoding="UTF-8"?>
<testsuites tests="20" failures="1" disabled="0" errors="0" time="3.12" name="AllTests">
  <testsuite name="timer" tests="2" failures="0" disabled="0" errors="0" time="0.63">
    <testcase name="timer" status="run" time="0.607" classname="timer" />
    <testcase name="tdqueue" status="run" time="0.023" classname="timer" />
  </testsuite>
  <testsuite name="sectionReadWriter" tests="1" failures="0" disabled="0" errors="0" time="0.006">
    <testcase name="readwrite" status="run" time="0.006" classname="sectionReadWriter" />
  </testsuite>
  <testsuite name="role" tests="1" failures="0" disabled="0" errors="0" time="0.004">
    <testcase name="manager" status="run" time="0.004" classname="role" />
  </testsuite>
  <testsuite name="regmgr" tests="4" failures="0" disabled="0" errors="0" time="0.521">
    <testcase name="rgmh_tb" status="run" time="0.001" classname="regmgr" />
    <testcase name="registe" status="run" time="0.511" classname="regmgr" />
    <testcase name="reregiste" status="run" time="0.009" classname="regmgr" />
    <testcase name="counter" status="run" time="0" classname="regmgr" />
  </testsuite>
  <testsuite name="msgqueueex" tests="2" failures="0" disabled="0" errors="0" time="0.136">
    <testcase name="normal" status="run" time="0.032" classname="msgqueueex" />
    <testcase name="timeout" status="run" time="0.103" classname="msgqueueex" />
  </testsuite>
  <testsuite name="load_balance" tests="2" failures="0" disabled="0" errors="0" time="0.057">
    <testcase name="ip_hash" status="run" time="0.026" classname="load_balance" />
    <testcase name="round_robin" status="run" time="0.031" classname="load_balance" />
  </testsuite>
  <testsuite name="ht" tests="1" failures="1" disabled="0" errors="0" time="0.253">
    <testcase name="handlertable" status="run" time="0.253" classname="ht">
      <failure message="Value of: mr.cnt + mr.to_cnt&#x0A;  Actual: 99&#x0A;Expected: cnt&#x0A;Which is: 100" type=""><![CDATA[build/debug64/kmq/core/test/hq_test.cc:52
Value of: mr.cnt + mr.to_cnt
  Actual: 99
Expected: cnt
Which is: 100]]></failure>
      <failure message="Value of: mr.cnt + mr.to_cnt&#x0A;  Actual: 99&#x0A;Expected: cnt&#x0A;Which is: 100" type=""><![CDATA[build/debug64/kmq/core/test/hq_test.cc:52
Value of: mr.cnt + mr.to_cnt
  Actual: 99
Expected: cnt
Which is: 100]]></failure>
    </testcase>
  </testsuite>
  <testsuite name="config" tests="2" failures="0" disabled="0" errors="0" time="0.002">
    <testcase name="app" status="run" time="0.001" classname="config" />
    <testcase name="kmq" status="run" time="0.001" classname="config" />
  </testsuite>
  <testsuite name="api" tests="5" failures="0" disabled="0" errors="0" time="1.511">
    <testcase name="appcontext" status="run" time="0.041" classname="api" />
    <testcase name="mux" status="run" time="0.877" classname="api" />
    <testcase name="mix" status="run" time="0.24" classname="api" />
    <testcase name="compat" status="run" time="0.27" classname="api" />
    <testcase name="raw" status="run" time="0.083" classname="api" />
  </testsuite>
</testsuites>
